This is pdfTeX, Version 3.14159265-2.6-1.40.17 (TeX Live 2016) (preloaded format=pdflatex 2016.5.22)  6 JUN 2017 16:27
entering extended mode
 restricted \write18 enabled.
 %&-line parsing enabled.
**KdV_april_notes.tex
(./KdV_april_notes.tex
LaTeX2e <2016/03/31>
Babel <3.9r> and hyphenation patterns for 83 language(s) loaded.
(/usr/local/texlive/2016/texmf-dist/tex/latex/base/article.cls
Document Class: article 2014/09/29 v1.4h Standard LaTeX document class
(/usr/local/texlive/2016/texmf-dist/tex/latex/base/size10.clo
File: size10.clo 2014/09/29 v1.4h Standard LaTeX file (size option)
)
\c@part=\count79
\c@section=\count80
\c@subsection=\count81
\c@subsubsection=\count82
\c@paragraph=\count83
\c@subparagraph=\count84
\c@figure=\count85
\c@table=\count86
\abovecaptionskip=\skip41
\belowcaptionskip=\skip42
\bibindent=\dimen102
)
(/usr/local/texlive/2016/texmf-dist/tex/latex/setspace/setspace.sty
Package: setspace 2011/12/19 v6.7a set line spacing
)
(/usr/local/texlive/2016/texmf-dist/tex/latex/amsfonts/amsfonts.sty
Package: amsfonts 2013/01/14 v3.01 Basic AMSFonts support
\@emptytoks=\toks14
\symAMSa=\mathgroup4
\symAMSb=\mathgroup5
LaTeX Font Info:    Overwriting math alphabet `\mathfrak' in version `bold'
(Font)                  U/euf/m/n --> U/euf/b/n on input line 106.
)
(/usr/local/texlive/2016/texmf-dist/tex/latex/amsmath/amsmath.sty
Package: amsmath 2016/03/10 v2.15b AMS math features
\@mathmargin=\skip43

For additional information on amsmath, use the `?' option.
(/usr/local/texlive/2016/texmf-dist/tex/latex/amsmath/amstext.sty
Package: amstext 2000/06/29 v2.01 AMS text

(/usr/local/texlive/2016/texmf-dist/tex/latex/amsmath/amsgen.sty
File: amsgen.sty 1999/11/30 v2.0 generic functions
\@emptytoks=\toks15
\ex@=\dimen103
))
(/usr/local/texlive/2016/texmf-dist/tex/latex/amsmath/amsbsy.sty
Package: amsbsy 1999/11/29 v1.2d Bold Symbols
\pmbraise@=\dimen104
)
(/usr/local/texlive/2016/texmf-dist/tex/latex/amsmath/amsopn.sty
Package: amsopn 2016/03/08 v2.02 operator names
)
\inf@bad=\count87
LaTeX Info: Redefining \frac on input line 199.
\uproot@=\count88
\leftroot@=\count89
LaTeX Info: Redefining \overline on input line 297.
\classnum@=\count90
\DOTSCASE@=\count91
LaTeX Info: Redefining \ldots on input line 394.
LaTeX Info: Redefining \dots on input line 397.
LaTeX Info: Redefining \cdots on input line 518.
\Mathstrutbox@=\box26
\strutbox@=\box27
\big@size=\dimen105
LaTeX Font Info:    Redeclaring font encoding OML on input line 634.
LaTeX Font Info:    Redeclaring font encoding OMS on input line 635.
\macc@depth=\count92
\c@MaxMatrixCols=\count93
\dotsspace@=\muskip10
\c@parentequation=\count94
\dspbrk@lvl=\count95
\tag@help=\toks16
\row@=\count96
\column@=\count97
\maxfields@=\count98
\andhelp@=\toks17
\eqnshift@=\dimen106
\alignsep@=\dimen107
\tagshift@=\dimen108
\tagwidth@=\dimen109
\totwidth@=\dimen110
\lineht@=\dimen111
\@envbody=\toks18
\multlinegap=\skip44
\multlinetaggap=\skip45
\mathdisplay@stack=\toks19
LaTeX Info: Redefining \[ on input line 2739.
LaTeX Info: Redefining \] on input line 2740.
)
(/usr/local/texlive/2016/texmf-dist/tex/latex/graphics/graphicx.sty
Package: graphicx 2014/10/28 v1.0g Enhanced LaTeX Graphics (DPC,SPQR)

(/usr/local/texlive/2016/texmf-dist/tex/latex/graphics/keyval.sty
Package: keyval 2014/10/28 v1.15 key=value parser (DPC)
\KV@toks@=\toks20
)
(/usr/local/texlive/2016/texmf-dist/tex/latex/graphics/graphics.sty
Package: graphics 2016/05/09 v1.0r Standard LaTeX Graphics (DPC,SPQR)

(/usr/local/texlive/2016/texmf-dist/tex/latex/graphics/trig.sty
Package: trig 2016/01/03 v1.10 sin cos tan (DPC)
)
(/usr/local/texlive/2016/texmf-dist/tex/latex/graphics-cfg/graphics.cfg
File: graphics.cfg 2016/01/02 v1.10 sample graphics configuration
)
Package graphics Info: Driver file: pdftex.def on input line 96.

(/usr/local/texlive/2016/texmf-dist/tex/latex/pdftex-def/pdftex.def
File: pdftex.def 2011/05/27 v0.06d Graphics/color for pdfTeX

(/usr/local/texlive/2016/texmf-dist/tex/generic/oberdiek/infwarerr.sty
Package: infwarerr 2016/05/16 v1.4 Providing info/warning/error messages (HO)
)
(/usr/local/texlive/2016/texmf-dist/tex/generic/oberdiek/ltxcmds.sty
Package: ltxcmds 2016/05/16 v1.23 LaTeX kernel commands for general use (HO)
)
\Gread@gobject=\count99
))
\Gin@req@height=\dimen112
\Gin@req@width=\dimen113
)
(./KdV_april_notes.aux)
\openout1 = `KdV_april_notes.aux'.

LaTeX Font Info:    Checking defaults for OML/cmm/m/it on input line 17.
LaTeX Font Info:    ... okay on input line 17.
LaTeX Font Info:    Checking defaults for T1/cmr/m/n on input line 17.
LaTeX Font Info:    ... okay on input line 17.
LaTeX Font Info:    Checking defaults for OT1/cmr/m/n on input line 17.
LaTeX Font Info:    ... okay on input line 17.
LaTeX Font Info:    Checking defaults for OMS/cmsy/m/n on input line 17.
LaTeX Font Info:    ... okay on input line 17.
LaTeX Font Info:    Checking defaults for OMX/cmex/m/n on input line 17.
LaTeX Font Info:    ... okay on input line 17.
LaTeX Font Info:    Checking defaults for U/cmr/m/n on input line 17.
LaTeX Font Info:    ... okay on input line 17.

(/usr/local/texlive/2016/texmf-dist/tex/context/base/mkii/supp-pdf.mkii
[Loading MPS to PDF converter (version 2006.09.02).]
\scratchcounter=\count100
\scratchdimen=\dimen114
\scratchbox=\box28
\nofMPsegments=\count101
\nofMParguments=\count102
\everyMPshowfont=\toks21
\MPscratchCnt=\count103
\MPscratchDim=\dimen115
\MPnumerator=\count104
\makeMPintoPDFobject=\count105
\everyMPtoPDFconversion=\toks22
) (/usr/local/texlive/2016/texmf-dist/tex/generic/oberdiek/pdftexcmds.sty
Package: pdftexcmds 2016/05/10 v0.21 Utility functions of pdfTeX for LuaTeX (HO
)

(/usr/local/texlive/2016/texmf-dist/tex/generic/oberdiek/ifluatex.sty
Package: ifluatex 2016/05/16 v1.4 Provides the ifluatex switch (HO)
Package ifluatex Info: LuaTeX not detected.
)
(/usr/local/texlive/2016/texmf-dist/tex/generic/oberdiek/ifpdf.sty
Package: ifpdf 2016/05/14 v3.1 Provides the ifpdf switch
)
Package pdftexcmds Info: LuaTeX not detected.
Package pdftexcmds Info: \pdf@primitive is available.
Package pdftexcmds Info: \pdf@ifprimitive is available.
Package pdftexcmds Info: \pdfdraftmode found.
)
(/usr/local/texlive/2016/texmf-dist/tex/latex/oberdiek/epstopdf-base.sty
Package: epstopdf-base 2016/05/15 v2.6 Base part for package epstopdf

(/usr/local/texlive/2016/texmf-dist/tex/latex/oberdiek/grfext.sty
Package: grfext 2016/05/16 v1.2 Manage graphics extensions (HO)

(/usr/local/texlive/2016/texmf-dist/tex/generic/oberdiek/kvdefinekeys.sty
Package: kvdefinekeys 2016/05/16 v1.4 Define keys (HO)
))
(/usr/local/texlive/2016/texmf-dist/tex/latex/oberdiek/kvoptions.sty
Package: kvoptions 2016/05/16 v3.12 Key value format for package options (HO)

(/usr/local/texlive/2016/texmf-dist/tex/generic/oberdiek/kvsetkeys.sty
Package: kvsetkeys 2016/05/16 v1.17 Key value parser (HO)

(/usr/local/texlive/2016/texmf-dist/tex/generic/oberdiek/etexcmds.sty
Package: etexcmds 2016/05/16 v1.6 Avoid name clashes with e-TeX commands (HO)
Package etexcmds Info: Could not find \expanded.
(etexcmds)             That can mean that you are not using pdfTeX 1.50 or
(etexcmds)             that some package has redefined \expanded.
(etexcmds)             In the latter case, load this package earlier.
)))
Package grfext Info: Graphics extension search list:
(grfext)             [.png,.pdf,.jpg,.mps,.jpeg,.jbig2,.jb2,.PNG,.PDF,.JPG,.JPE
G,.JBIG2,.JB2,.eps]
(grfext)             \AppendGraphicsExtensions on input line 456.

(/usr/local/texlive/2016/texmf-dist/tex/latex/latexconfig/epstopdf-sys.cfg
File: epstopdf-sys.cfg 2010/07/13 v1.3 Configuration of (r)epstopdf for TeX Liv
e
))
LaTeX Font Info:    Try loading font information for U+msa on input line 18.

(/usr/local/texlive/2016/texmf-dist/tex/latex/amsfonts/umsa.fd
File: umsa.fd 2013/01/14 v3.01 AMS symbols A
)
LaTeX Font Info:    Try loading font information for U+msb on input line 18.

(/usr/local/texlive/2016/texmf-dist/tex/latex/amsfonts/umsb.fd
File: umsb.fd 2013/01/14 v3.01 AMS symbols B
) [1

{/usr/local/texlive/2016/texmf-var/fonts/map/pdftex/updmap/pdftex.map}]
<figures/comparing_energy_derivatives.png, id=14, 1004.75375pt x 794.97pt>
File: figures/comparing_energy_derivatives.png Graphic file (type png)

<use figures/comparing_energy_derivatives.png>
Package pdftex.def Info: figures/comparing_energy_derivatives.png used on input
 line 41.
(pdftex.def)             Requested size: 345.0pt x 272.96701pt.
 [2 <./figures/comparing_energy_derivatives.png (PNG copy)>]
<figures/loglog_1.png, id=20, 562.1pt x 420.57124pt>
File: figures/loglog_1.png Graphic file (type png)

<use figures/loglog_1.png>
Package pdftex.def Info: figures/loglog_1.png used on input line 61.
(pdftex.def)             Requested size: 345.0pt x 258.13318pt.


LaTeX Warning: `h' float specifier changed to `ht'.

[3] <figures/3rd_order_20.png, id=30, 562.1pt x 420.57124pt>
File: figures/3rd_order_20.png Graphic file (type png)

<use figures/3rd_order_20.png>
Package pdftex.def Info: figures/3rd_order_20.png used on input line 70.
(pdftex.def)             Requested size: 345.0pt x 258.13318pt.
 [4 <./figures/loglog_1.png (PNG copy)>]
<figures/3rd_order_8.png, id=34, 562.1pt x 420.57124pt>
File: figures/3rd_order_8.png Graphic file (type png)

<use figures/3rd_order_8.png>
Package pdftex.def Info: figures/3rd_order_8.png used on input line 77.
(pdftex.def)             Requested size: 345.0pt x 258.13318pt.


LaTeX Warning: `h' float specifier changed to `ht'.

[5 <./figures/3rd_order_20.png (PNG copy)>] [6 <./figures/3rd_order_8.png (PNG 
copy)>] <figures/comparing_derivatives_2.png, id=41, 971.63pt x 786.94pt>
File: figures/comparing_derivatives_2.png Graphic file (type png)

<use figures/comparing_derivatives_2.png>
Package pdftex.def Info: figures/comparing_derivatives_2.png used on input line
 94.
(pdftex.def)             Requested size: 345.0pt x 279.4197pt.

<figures/4th_order_fit.png, id=42, 562.1pt x 420.57124pt>
File: figures/4th_order_fit.png Graphic file (type png)

<use figures/4th_order_fit.png>
Package pdftex.def Info: figures/4th_order_fit.png used on input line 103.
(pdftex.def)             Requested size: 345.0pt x 258.13318pt.


LaTeX Warning: `h' float specifier changed to `ht'.

<figures/4th_order_fit_8.png, id=43, 562.1pt x 420.57124pt>
File: figures/4th_order_fit_8.png Graphic file (type png)

<use figures/4th_order_fit_8.png>
Package pdftex.def Info: figures/4th_order_fit_8.png used on input line 108.
(pdftex.def)             Requested size: 345.0pt x 258.13318pt.


LaTeX Warning: `h' float specifier changed to `ht'.

[7 <./figures/comparing_derivatives_2.png (PNG copy)>]
<figures/loglog_2.png, id=48, 563.10374pt x 420.57124pt>
File: figures/loglog_2.png Graphic file (type png)

<use figures/loglog_2.png>
Package pdftex.def Info: figures/loglog_2.png used on input line 117.
(pdftex.def)             Requested size: 345.0pt x 257.67755pt.


LaTeX Warning: `h' float specifier changed to `ht'.

[8 <./figures/4th_order_fit.png (PNG copy)>]
<figures/4th_order_20.png, id=52, 562.1pt x 420.57124pt>
File: figures/4th_order_20.png Graphic file (type png)

<use figures/4th_order_20.png>
Package pdftex.def Info: figures/4th_order_20.png used on input line 124.
(pdftex.def)             Requested size: 345.0pt x 258.13318pt.


LaTeX Warning: `h' float specifier changed to `ht'.

<figures/4th_order_8.png, id=53, 562.1pt x 420.57124pt>
File: figures/4th_order_8.png Graphic file (type png)

<use figures/4th_order_8.png>
Package pdftex.def Info: figures/4th_order_8.png used on input line 129.
(pdftex.def)             Requested size: 345.0pt x 258.13318pt.


LaTeX Warning: `h' float specifier changed to `ht'.

<figures/coeffs_20.png, id=54, 1036.87375pt x 579.16376pt>
File: figures/coeffs_20.png Graphic file (type png)

<use figures/coeffs_20.png>
Package pdftex.def Info: figures/coeffs_20.png used on input line 137.
(pdftex.def)             Requested size: 345.0pt x 192.7065pt.


LaTeX Warning: `h' float specifier changed to `ht'.

[9 <./figures/4th_order_fit_8.png (PNG copy)>]
<figures/coeffs_20_2.png, id=58, 1335.99126pt x 731.73375pt>
File: figures/coeffs_20_2.png Graphic file (type png)

<use figures/coeffs_20_2.png>
Package pdftex.def Info: figures/coeffs_20_2.png used on input line 146.
(pdftex.def)             Requested size: 345.0pt x 188.95111pt.


LaTeX Warning: `h' float specifier changed to `ht'.

[10 <./figures/loglog_2.png (PNG copy)>]
<figures/individual_modes.png, id=63, 1004.75375pt x 794.97pt>
File: figures/individual_modes.png Graphic file (type png)

<use figures/individual_modes.png>
Package pdftex.def Info: figures/individual_modes.png used on input line 159.
(pdftex.def)             Requested size: 345.0pt x 272.96701pt.


LaTeX Warning: `h' float specifier changed to `ht'.

[11 <./figures/4th_order_20.png (PNG copy)>]
<figures/individual_modes_k.png, id=67, 1445.4pt x 801.99625pt>
File: figures/individual_modes_k.png Graphic file (type png)

<use figures/individual_modes_k.png>
Package pdftex.def Info: figures/individual_modes_k.png used on input line 170.

(pdftex.def)             Requested size: 345.0pt x 191.41837pt.


LaTeX Warning: `h' float specifier changed to `ht'.

<figures/k_dependent_20.png, id=68, 562.1pt x 420.57124pt>
File: figures/k_dependent_20.png Graphic file (type png)

<use figures/k_dependent_20.png>
Package pdftex.def Info: figures/k_dependent_20.png used on input line 175.
(pdftex.def)             Requested size: 345.0pt x 258.13318pt.


LaTeX Warning: `h' float specifier changed to `ht'.

<figures/k_dependent_20_energy.png, id=69, 562.1pt x 420.57124pt>
File: figures/k_dependent_20_energy.png Graphic file (type png)

<use figures/k_dependent_20_energy.png>
Package pdftex.def Info: figures/k_dependent_20_energy.png used on input line 1
82.
(pdftex.def)             Requested size: 345.0pt x 258.13318pt.


LaTeX Warning: `h' float specifier changed to `ht'.

<figures/real_space_20.png, id=70, 562.1pt x 420.57124pt>
File: figures/real_space_20.png Graphic file (type png)

<use figures/real_space_20.png>
Package pdftex.def Info: figures/real_space_20.png used on input line 187.
(pdftex.def)             Requested size: 345.0pt x 258.13318pt.


LaTeX Warning: `h' float specifier changed to `ht'.

[12 <./figures/4th_order_8.png (PNG copy)>]
File: figures/individual_modes_k.png Graphic file (type png)

<use figures/individual_modes_k.png>
Package pdftex.def Info: figures/individual_modes_k.png used on input line 196.

(pdftex.def)             Requested size: 345.0pt x 191.41837pt.


LaTeX Warning: `h' float specifier changed to `ht'.

<figures/energy_both.png, id=74, 730.73pt x 569.12625pt>
File: figures/energy_both.png Graphic file (type png)

<use figures/energy_both.png>
Package pdftex.def Info: figures/energy_both.png used on input line 201.
(pdftex.def)             Requested size: 345.0pt x 268.70515pt.


LaTeX Warning: `h' float specifier changed to `ht'.

<figures/both_energy_evolution.png, id=75, 562.1pt x 420.57124pt>
File: figures/both_energy_evolution.png Graphic file (type png)

<use figures/both_energy_evolution.png>
Package pdftex.def Info: figures/both_energy_evolution.png used on input line 2
06.
(pdftex.def)             Requested size: 345.0pt x 258.13318pt.


LaTeX Warning: `h' float specifier changed to `ht'.

<figures/both_real_space.png, id=76, 562.1pt x 420.57124pt>
File: figures/both_real_space.png Graphic file (type png)

<use figures/both_real_space.png>
Package pdftex.def Info: figures/both_real_space.png used on input line 211.
(pdftex.def)             Requested size: 345.0pt x 258.13318pt.


LaTeX Warning: `h' float specifier changed to `ht'.

[13 <./figures/coeffs_20.png (PNG copy)>]
<figures/k_scaling_laws.png, id=81, 1445.4pt x 794.97pt>
File: figures/k_scaling_laws.png Graphic file (type png)

<use figures/k_scaling_laws.png>
Package pdftex.def Info: figures/k_scaling_laws.png used on input line 224.
(pdftex.def)             Requested size: 345.0pt x 189.74136pt.


LaTeX Warning: `h' float specifier changed to `ht'.

[14 <./figures/coeffs_20_2.png (PNG copy)>]
<figures/N20_k_coeffs.png, id=85, 578.6418pt x 433.62pt>
File: figures/N20_k_coeffs.png Graphic file (type png)

<use figures/N20_k_coeffs.png>
Package pdftex.def Info: figures/N20_k_coeffs.png used on input line 235.
(pdftex.def)             Requested size: 345.0pt x 258.53973pt.


LaTeX Warning: `h' float specifier changed to `ht'.

<figures/burgers_loglog.png, id=86, 562.1pt x 420.57124pt>
File: figures/burgers_loglog.png Graphic file (type png)

<use figures/burgers_loglog.png>
Package pdftex.def Info: figures/burgers_loglog.png used on input line 248.
(pdftex.def)             Requested size: 345.0pt x 258.13318pt.


LaTeX Warning: `h' float specifier changed to `ht'.

<figures/burgers_20.png, id=87, 562.1pt x 420.57124pt>
File: figures/burgers_20.png Graphic file (type png)

<use figures/burgers_20.png>
Package pdftex.def Info: figures/burgers_20.png used on input line 253.
(pdftex.def)             Requested size: 345.0pt x 258.13318pt.


LaTeX Warning: `h' float specifier changed to `ht'.

[15] [16] [17] (./KdV_april_notes.bbl) [18] [19 <./figures/individual_modes.png
 (PNG copy)>] [20 <./figures/individual_modes_k.png (PNG copy)>] [21 <./figures
/k_dependent_20.png (PNG copy)>] [22 <./figures/k_dependent_20_energy.png (PNG 
copy)>] [23 <./figures/real_space_20.png (PNG copy)>] [24] [25 <./figures/energ
y_both.png (PNG copy)>] [26 <./figures/both_energy_evolution.png (PNG copy)>]
[27 <./figures/both_real_space.png (PNG copy)>] [28 <./figures/k_scaling_laws.p
ng (PNG copy)>] [29 <./figures/N20_k_coeffs.png (PNG copy)>] [30 <./figures/bur
gers_loglog.png (PNG copy)>] [31 <./figures/burgers_20.png (PNG copy)>]
(./KdV_april_notes.aux) ) 
Here is how much of TeX's memory you used:
 2378 strings out of 493014
 34399 string characters out of 6133351
 108277 words of memory out of 5000000
 5858 multiletter control sequences out of 15000+600000
 14183 words of font info for 55 fonts, out of 8000000 for 9000
 1141 hyphenation exceptions out of 8191
 37i,6n,24p,1054b,224s stack positions out of 5000i,500n,10000p,200000b,80000s
</usr/local/texlive/2016/texmf-dist/fonts/type1/public
/amsfonts/cm/cmbx10.pfb></usr/local/texlive/2016/texmf-dist/fonts/type1/public/
amsfonts/cm/cmbx12.pfb></usr/local/texlive/2016/texmf-dist/fonts/type1/public/a
msfonts/cm/cmbx9.pfb></usr/local/texlive/2016/texmf-dist/fonts/type1/public/ams
fonts/cm/cmex10.pfb></usr/local/texlive/2016/texmf-dist/fonts/type1/public/amsf
onts/cm/cmmi10.pfb></usr/local/texlive/2016/texmf-dist/fonts/type1/public/amsfo
nts/cm/cmmi12.pfb></usr/local/texlive/2016/texmf-dist/fonts/type1/public/amsfon
ts/cm/cmmi5.pfb></usr/local/texlive/2016/texmf-dist/fonts/type1/public/amsfonts
/cm/cmmi7.pfb></usr/local/texlive/2016/texmf-dist/fonts/type1/public/amsfonts/c
m/cmr10.pfb></usr/local/texlive/2016/texmf-dist/fonts/type1/public/amsfonts/cm/
cmr12.pfb></usr/local/texlive/2016/texmf-dist/fonts/type1/public/amsfonts/cm/cm
r17.pfb></usr/local/texlive/2016/texmf-dist/fonts/type1/public/amsfonts/cm/cmr7
.pfb></usr/local/texlive/2016/texmf-dist/fonts/type1/public/amsfonts/cm/cmr9.pf
b></usr/local/texlive/2016/texmf-dist/fonts/type1/public/amsfonts/cm/cmsy10.pfb
></usr/local/texlive/2016/texmf-dist/fonts/type1/public/amsfonts/cm/cmsy7.pfb><
/usr/local/texlive/2016/texmf-dist/fonts/type1/public/amsfonts/cm/cmti10.pfb></
usr/local/texlive/2016/texmf-dist/fonts/type1/public/amsfonts/cm/cmtt10.pfb>
Output written on KdV_april_notes.pdf (31 pages, 454166 bytes).
PDF statistics:
 197 PDF objects out of 1000 (max. 8388607)
 121 compressed objects within 2 object streams
 0 named destinations out of 1000 (max. 500000)
 121 words of extra memory for PDF output out of 10000 (max. 10000000)

